{"D:\\kosio\\кариера\\Telebid\\registration-node-app\\db.js": {"path":"D:\\kosio\\кариера\\Telebid\\registration-node-app\\db.js","statementMap":{"0":{"start":{"line":3,"column":20},"end":{"line":8,"column":2}}},"fnMap":{},"branchMap":{},"s":{"0":5},"f":{},"b":{},"inputSourceMap":null,"_coverageSchema":"1a1c01bbd47fc00a2c39e90264f33305004495a9","hash":"3c3e8224d9ec0656c3f21098be41e1336f4e381a"}
,"D:\\kosio\\кариера\\Telebid\\registration-node-app\\server.js": {"path":"D:\\kosio\\кариера\\Telebid\\registration-node-app\\server.js","statementMap":{"0":{"start":{"line":13,"column":0},"end":{"line":13,"column":16}},"1":{"start":{"line":15,"column":12},"end":{"line":15,"column":21}},"2":{"start":{"line":16,"column":0},"end":{"line":16,"column":48}},"3":{"start":{"line":17,"column":0},"end":{"line":17,"column":24}},"4":{"start":{"line":19,"column":0},"end":{"line":19,"column":26}},"5":{"start":{"line":21,"column":0},"end":{"line":32,"column":4}},"6":{"start":{"line":34,"column":0},"end":{"line":34,"column":60}},"7":{"start":{"line":36,"column":0},"end":{"line":36,"column":38}},"8":{"start":{"line":37,"column":0},"end":{"line":37,"column":32}},"9":{"start":{"line":38,"column":0},"end":{"line":38,"column":52}},"10":{"start":{"line":39,"column":0},"end":{"line":39,"column":60}},"11":{"start":{"line":40,"column":0},"end":{"line":40,"column":51}},"12":{"start":{"line":41,"column":0},"end":{"line":41,"column":35}},"13":{"start":{"line":43,"column":0},"end":{"line":47,"column":1}},"14":{"start":{"line":44,"column":2},"end":{"line":46,"column":5}},"15":{"start":{"line":45,"column":4},"end":{"line":45,"column":59}}},"fnMap":{"0":{"name":"(anonymous_0)","decl":{"start":{"line":44,"column":19},"end":{"line":44,"column":20}},"loc":{"start":{"line":44,"column":25},"end":{"line":46,"column":3}},"line":44}},"branchMap":{"0":{"loc":{"start":{"line":43,"column":0},"end":{"line":47,"column":1}},"type":"if","locations":[{"start":{"line":43,"column":0},"end":{"line":47,"column":1}},{"start":{},"end":{}}],"line":43}},"s":{"0":5,"1":5,"2":5,"3":5,"4":5,"5":5,"6":5,"7":5,"8":5,"9":5,"10":5,"11":5,"12":5,"13":5,"14":0,"15":0},"f":{"0":0},"b":{"0":[0,5]},"inputSourceMap":null,"_coverageSchema":"1a1c01bbd47fc00a2c39e90264f33305004495a9","hash":"78929f3471c1a9bee73f35d1840a6a46ba8c0442"}
,"D:\\kosio\\кариера\\Telebid\\registration-node-app\\routes\\captcha.js": {"path":"D:\\kosio\\кариера\\Telebid\\registration-node-app\\routes\\captcha.js","statementMap":{"0":{"start":{"line":4,"column":18},"end":{"line":4,"column":39}},"1":{"start":{"line":5,"column":2},"end":{"line":5,"column":32}},"2":{"start":{"line":8,"column":2},"end":{"line":8,"column":45}},"3":{"start":{"line":9,"column":2},"end":{"line":9,"column":51}},"4":{"start":{"line":11,"column":14},"end":{"line":11,"column":41}},"5":{"start":{"line":12,"column":2},"end":{"line":12,"column":39}},"6":{"start":{"line":13,"column":2},"end":{"line":13,"column":28}}},"fnMap":{"0":{"name":"handleCaptcha","decl":{"start":{"line":3,"column":16},"end":{"line":3,"column":29}},"loc":{"start":{"line":3,"column":40},"end":{"line":14,"column":1}},"line":3}},"branchMap":{},"s":{"0":0,"1":0,"2":0,"3":0,"4":0,"5":0,"6":0},"f":{"0":0},"b":{},"inputSourceMap":null,"_coverageSchema":"1a1c01bbd47fc00a2c39e90264f33305004495a9","hash":"2a690e2bfbe5a51729714987f4544a0ec874c1de"}
,"D:\\kosio\\кариера\\Telebid\\registration-node-app\\routes\\login.js": {"path":"D:\\kosio\\кариера\\Telebid\\registration-node-app\\routes\\login.js","statementMap":{"0":{"start":{"line":7,"column":30},"end":{"line":7,"column":38}},"1":{"start":{"line":9,"column":2},"end":{"line":11,"column":3}},"2":{"start":{"line":10,"column":4},"end":{"line":10,"column":97}},"3":{"start":{"line":13,"column":2},"end":{"line":48,"column":3}},"4":{"start":{"line":14,"column":17},"end":{"line":14,"column":43}},"5":{"start":{"line":15,"column":19},"end":{"line":18,"column":5}},"6":{"start":{"line":19,"column":4},"end":{"line":19,"column":19}},"7":{"start":{"line":21,"column":4},"end":{"line":23,"column":5}},"8":{"start":{"line":22,"column":6},"end":{"line":22,"column":93}},"9":{"start":{"line":25,"column":17},"end":{"line":25,"column":24}},"10":{"start":{"line":26,"column":18},"end":{"line":26,"column":68}},"11":{"start":{"line":28,"column":4},"end":{"line":30,"column":5}},"12":{"start":{"line":29,"column":6},"end":{"line":29,"column":93}},"13":{"start":{"line":32,"column":18},"end":{"line":36,"column":5}},"14":{"start":{"line":38,"column":4},"end":{"line":44,"column":7}},"15":{"start":{"line":46,"column":4},"end":{"line":46,"column":39}},"16":{"start":{"line":47,"column":4},"end":{"line":47,"column":87}}},"fnMap":{"0":{"name":"handleLogin","decl":{"start":{"line":6,"column":22},"end":{"line":6,"column":33}},"loc":{"start":{"line":6,"column":44},"end":{"line":49,"column":1}},"line":6}},"branchMap":{"0":{"loc":{"start":{"line":9,"column":2},"end":{"line":11,"column":3}},"type":"if","locations":[{"start":{"line":9,"column":2},"end":{"line":11,"column":3}},{"start":{},"end":{}}],"line":9},"1":{"loc":{"start":{"line":9,"column":6},"end":{"line":9,"column":25}},"type":"binary-expr","locations":[{"start":{"line":9,"column":6},"end":{"line":9,"column":12}},{"start":{"line":9,"column":16},"end":{"line":9,"column":25}}],"line":9},"2":{"loc":{"start":{"line":21,"column":4},"end":{"line":23,"column":5}},"type":"if","locations":[{"start":{"line":21,"column":4},"end":{"line":23,"column":5}},{"start":{},"end":{}}],"line":21},"3":{"loc":{"start":{"line":28,"column":4},"end":{"line":30,"column":5}},"type":"if","locations":[{"start":{"line":28,"column":4},"end":{"line":30,"column":5}},{"start":{},"end":{}}],"line":28}},"s":{"0":9,"1":9,"2":2,"3":7,"4":7,"5":7,"6":7,"7":7,"8":1,"9":6,"10":6,"11":6,"12":1,"13":5,"14":5,"15":0,"16":0},"f":{"0":9},"b":{"0":[2,7],"1":[9,8],"2":[1,6],"3":[1,5]},"inputSourceMap":null,"_coverageSchema":"1a1c01bbd47fc00a2c39e90264f33305004495a9","hash":"614f9dd4e0f2e9bf7495abc6d072dd9f7b988419"}
,"D:\\kosio\\кариера\\Telebid\\registration-node-app\\routes\\logout.js": {"path":"D:\\kosio\\кариера\\Telebid\\registration-node-app\\routes\\logout.js","statementMap":{"0":{"start":{"line":4,"column":18},"end":{"line":4,"column":57}},"1":{"start":{"line":6,"column":4},"end":{"line":6,"column":81}},"2":{"start":{"line":7,"column":4},"end":{"line":7,"column":69}}},"fnMap":{"0":{"name":"handleLogout","decl":{"start":{"line":3,"column":22},"end":{"line":3,"column":34}},"loc":{"start":{"line":3,"column":45},"end":{"line":8,"column":1}},"line":3}},"branchMap":{},"s":{"0":1,"1":1,"2":1},"f":{"0":1},"b":{},"inputSourceMap":null,"_coverageSchema":"1a1c01bbd47fc00a2c39e90264f33305004495a9","hash":"3160ea3ad772d61d5954ba00e0e9c2a391088eeb"}
,"D:\\kosio\\кариера\\Telebid\\registration-node-app\\routes\\profile.js": {"path":"D:\\kosio\\кариера\\Telebid\\registration-node-app\\routes\\profile.js","statementMap":{"0":{"start":{"line":6,"column":2},"end":{"line":26,"column":3}},"1":{"start":{"line":7,"column":19},"end":{"line":10,"column":5}},"2":{"start":{"line":12,"column":4},"end":{"line":14,"column":5}},"3":{"start":{"line":13,"column":6},"end":{"line":13,"column":82}},"4":{"start":{"line":16,"column":17},"end":{"line":16,"column":24}},"5":{"start":{"line":17,"column":4},"end":{"line":22,"column":7}},"6":{"start":{"line":24,"column":4},"end":{"line":24,"column":41}},"7":{"start":{"line":25,"column":4},"end":{"line":25,"column":80}},"8":{"start":{"line":30,"column":29},"end":{"line":30,"column":37}},"9":{"start":{"line":31,"column":16},"end":{"line":31,"column":31}},"10":{"start":{"line":33,"column":2},"end":{"line":35,"column":3}},"11":{"start":{"line":34,"column":4},"end":{"line":34,"column":83}},"12":{"start":{"line":37,"column":2},"end":{"line":39,"column":3}},"13":{"start":{"line":38,"column":4},"end":{"line":38,"column":82}},"14":{"start":{"line":41,"column":19},"end":{"line":41,"column":21}},"15":{"start":{"line":43,"column":2},"end":{"line":68,"column":3}},"16":{"start":{"line":44,"column":4},"end":{"line":47,"column":5}},"17":{"start":{"line":45,"column":6},"end":{"line":45,"column":85}},"18":{"start":{"line":46,"column":6},"end":{"line":46,"column":50}},"19":{"start":{"line":49,"column":4},"end":{"line":53,"column":5}},"20":{"start":{"line":50,"column":29},"end":{"line":50,"column":60}},"21":{"start":{"line":51,"column":6},"end":{"line":51,"column":104}},"22":{"start":{"line":52,"column":6},"end":{"line":52,"column":54}},"23":{"start":{"line":56,"column":19},"end":{"line":56,"column":95}},"24":{"start":{"line":57,"column":24},"end":{"line":57,"column":31}},"25":{"start":{"line":59,"column":4},"end":{"line":64,"column":7}},"26":{"start":{"line":66,"column":4},"end":{"line":66,"column":48}},"27":{"start":{"line":67,"column":4},"end":{"line":67,"column":80}}},"fnMap":{"0":{"name":"handleProfile","decl":{"start":{"line":5,"column":22},"end":{"line":5,"column":35}},"loc":{"start":{"line":5,"column":46},"end":{"line":27,"column":1}},"line":5},"1":{"name":"handleProfileUpdate","decl":{"start":{"line":29,"column":22},"end":{"line":29,"column":41}},"loc":{"start":{"line":29,"column":52},"end":{"line":69,"column":1}},"line":29}},"branchMap":{"0":{"loc":{"start":{"line":12,"column":4},"end":{"line":14,"column":5}},"type":"if","locations":[{"start":{"line":12,"column":4},"end":{"line":14,"column":5}},{"start":{},"end":{}}],"line":12},"1":{"loc":{"start":{"line":33,"column":2},"end":{"line":35,"column":3}},"type":"if","locations":[{"start":{"line":33,"column":2},"end":{"line":35,"column":3}},{"start":{},"end":{}}],"line":33},"2":{"loc":{"start":{"line":37,"column":2},"end":{"line":39,"column":3}},"type":"if","locations":[{"start":{"line":37,"column":2},"end":{"line":39,"column":3}},{"start":{},"end":{}}],"line":37},"3":{"loc":{"start":{"line":37,"column":6},"end":{"line":37,"column":24}},"type":"binary-expr","locations":[{"start":{"line":37,"column":6},"end":{"line":37,"column":11}},{"start":{"line":37,"column":15},"end":{"line":37,"column":24}}],"line":37},"4":{"loc":{"start":{"line":44,"column":4},"end":{"line":47,"column":5}},"type":"if","locations":[{"start":{"line":44,"column":4},"end":{"line":47,"column":5}},{"start":{},"end":{}}],"line":44},"5":{"loc":{"start":{"line":49,"column":4},"end":{"line":53,"column":5}},"type":"if","locations":[{"start":{"line":49,"column":4},"end":{"line":53,"column":5}},{"start":{},"end":{}}],"line":49}},"s":{"0":1,"1":1,"2":1,"3":0,"4":1,"5":1,"6":0,"7":0,"8":3,"9":3,"10":3,"11":0,"12":3,"13":1,"14":2,"15":2,"16":2,"17":1,"18":1,"19":2,"20":1,"21":1,"22":1,"23":2,"24":2,"25":2,"26":0,"27":0},"f":{"0":1,"1":3},"b":{"0":[0,1],"1":[0,3],"2":[1,2],"3":[3,2],"4":[1,1],"5":[1,1]},"inputSourceMap":null,"_coverageSchema":"1a1c01bbd47fc00a2c39e90264f33305004495a9","hash":"5e83f3170141eb68b96b5445b44e197d6b418ab7"}
,"D:\\kosio\\кариера\\Telebid\\registration-node-app\\routes\\register.js": {"path":"D:\\kosio\\кариера\\Telebid\\registration-node-app\\routes\\register.js","statementMap":{"0":{"start":{"line":7,"column":52},"end":{"line":7,"column":66}},"1":{"start":{"line":9,"column":2},"end":{"line":14,"column":3}},"2":{"start":{"line":10,"column":4},"end":{"line":13,"column":7}},"3":{"start":{"line":16,"column":20},"end":{"line":16,"column":43}},"4":{"start":{"line":18,"column":2},"end":{"line":25,"column":3}},"5":{"start":{"line":19,"column":4},"end":{"line":21,"column":5}},"6":{"start":{"line":20,"column":6},"end":{"line":20,"column":83}},"7":{"start":{"line":22,"column":4},"end":{"line":24,"column":5}},"8":{"start":{"line":23,"column":6},"end":{"line":23,"column":83}},"9":{"start":{"line":27,"column":2},"end":{"line":58,"column":3}},"10":{"start":{"line":28,"column":17},"end":{"line":28,"column":43}},"11":{"start":{"line":29,"column":19},"end":{"line":29,"column":86}},"12":{"start":{"line":30,"column":4},"end":{"line":32,"column":5}},"13":{"start":{"line":31,"column":6},"end":{"line":31,"column":92}},"14":{"start":{"line":34,"column":25},"end":{"line":34,"column":56}},"15":{"start":{"line":36,"column":4},"end":{"line":39,"column":6}},"16":{"start":{"line":40,"column":4},"end":{"line":40,"column":19}},"17":{"start":{"line":42,"column":18},"end":{"line":42,"column":70}},"18":{"start":{"line":44,"column":4},"end":{"line":49,"column":7}},"19":{"start":{"line":52,"column":4},"end":{"line":52,"column":44}},"20":{"start":{"line":53,"column":4},"end":{"line":57,"column":7}}},"fnMap":{"0":{"name":"handleRegister","decl":{"start":{"line":6,"column":22},"end":{"line":6,"column":36}},"loc":{"start":{"line":6,"column":47},"end":{"line":59,"column":1}},"line":6}},"branchMap":{"0":{"loc":{"start":{"line":7,"column":52},"end":{"line":7,"column":66}},"type":"binary-expr","locations":[{"start":{"line":7,"column":52},"end":{"line":7,"column":60}},{"start":{"line":7,"column":64},"end":{"line":7,"column":66}}],"line":7},"1":{"loc":{"start":{"line":9,"column":2},"end":{"line":14,"column":3}},"type":"if","locations":[{"start":{"line":9,"column":2},"end":{"line":14,"column":3}},{"start":{},"end":{}}],"line":9},"2":{"loc":{"start":{"line":9,"column":6},"end":{"line":9,"column":34}},"type":"binary-expr","locations":[{"start":{"line":9,"column":6},"end":{"line":9,"column":11}},{"start":{"line":9,"column":15},"end":{"line":9,"column":21}},{"start":{"line":9,"column":25},"end":{"line":9,"column":34}}],"line":9},"3":{"loc":{"start":{"line":16,"column":21},"end":{"line":16,"column":34}},"type":"binary-expr","locations":[{"start":{"line":16,"column":21},"end":{"line":16,"column":26}},{"start":{"line":16,"column":30},"end":{"line":16,"column":34}}],"line":16},"4":{"loc":{"start":{"line":18,"column":2},"end":{"line":25,"column":3}},"type":"if","locations":[{"start":{"line":18,"column":2},"end":{"line":25,"column":3}},{"start":{},"end":{}}],"line":18},"5":{"loc":{"start":{"line":19,"column":4},"end":{"line":21,"column":5}},"type":"if","locations":[{"start":{"line":19,"column":4},"end":{"line":21,"column":5}},{"start":{},"end":{}}],"line":19},"6":{"loc":{"start":{"line":19,"column":8},"end":{"line":19,"column":41}},"type":"binary-expr","locations":[{"start":{"line":19,"column":8},"end":{"line":19,"column":16}},{"start":{"line":19,"column":20},"end":{"line":19,"column":41}}],"line":19},"7":{"loc":{"start":{"line":22,"column":4},"end":{"line":24,"column":5}},"type":"if","locations":[{"start":{"line":22,"column":4},"end":{"line":24,"column":5}},{"start":{},"end":{}}],"line":22},"8":{"loc":{"start":{"line":30,"column":4},"end":{"line":32,"column":5}},"type":"if","locations":[{"start":{"line":30,"column":4},"end":{"line":32,"column":5}},{"start":{},"end":{}}],"line":30}},"s":{"0":8,"1":8,"2":2,"3":6,"4":6,"5":0,"6":0,"7":0,"8":0,"9":6,"10":6,"11":6,"12":6,"13":1,"14":5,"15":5,"16":5,"17":5,"18":5,"19":0,"20":0},"f":{"0":8},"b":{"0":[8,0],"1":[2,6],"2":[8,8,7],"3":[6,6],"4":[0,6],"5":[0,0],"6":[0,0],"7":[0,0],"8":[1,5]},"inputSourceMap":null,"_coverageSchema":"1a1c01bbd47fc00a2c39e90264f33305004495a9","hash":"bd9b1bdb90cd3933a130654de3cf93c2e969ed28"}
,"D:\\kosio\\кариера\\Telebid\\registration-node-app\\tests\\utils\\testUser.js": {"path":"D:\\kosio\\кариера\\Telebid\\registration-node-app\\tests\\utils\\testUser.js","statementMap":{"0":{"start":{"line":6,"column":22},"end":{"line":6,"column":54}},"1":{"start":{"line":9,"column":2},"end":{"line":16,"column":7}},"2":{"start":{"line":19,"column":14},"end":{"line":21,"column":53}},"3":{"start":{"line":23,"column":2},"end":{"line":26,"column":4}},"4":{"start":{"line":30,"column":2},"end":{"line":30,"column":67}}},"fnMap":{"0":{"name":"createTestUser","decl":{"start":{"line":5,"column":22},"end":{"line":5,"column":36}},"loc":{"start":{"line":5,"column":39},"end":{"line":27,"column":1}},"line":5},"1":{"name":"cleanupTestUser","decl":{"start":{"line":29,"column":22},"end":{"line":29,"column":37}},"loc":{"start":{"line":29,"column":45},"end":{"line":31,"column":1}},"line":29}},"branchMap":{},"s":{"0":4,"1":4,"2":4,"3":4,"4":4},"f":{"0":4,"1":4},"b":{},"inputSourceMap":null,"_coverageSchema":"1a1c01bbd47fc00a2c39e90264f33305004495a9","hash":"68a7c97f28c409f83581a6cbc0f07e61f84d6076"}
,"D:\\kosio\\кариера\\Telebid\\registration-node-app\\utils\\captcha.js": {"path":"D:\\kosio\\кариера\\Telebid\\registration-node-app\\utils\\captcha.js","statementMap":{"0":{"start":{"line":2,"column":16},"end":{"line":2,"column":50}},"1":{"start":{"line":3,"column":13},"end":{"line":3,"column":15}},"2":{"start":{"line":4,"column":2},"end":{"line":6,"column":3}},"3":{"start":{"line":4,"column":15},"end":{"line":4,"column":16}},"4":{"start":{"line":5,"column":4},"end":{"line":5,"column":67}},"5":{"start":{"line":7,"column":2},"end":{"line":7,"column":14}},"6":{"start":{"line":11,"column":2},"end":{"line":17,"column":4}}},"fnMap":{"0":{"name":"generateCaptchaText","decl":{"start":{"line":1,"column":16},"end":{"line":1,"column":35}},"loc":{"start":{"line":1,"column":48},"end":{"line":8,"column":1}},"line":1},"1":{"name":"generateCaptchaSVG","decl":{"start":{"line":10,"column":16},"end":{"line":10,"column":34}},"loc":{"start":{"line":10,"column":41},"end":{"line":18,"column":1}},"line":10}},"branchMap":{"0":{"loc":{"start":{"line":1,"column":36},"end":{"line":1,"column":46}},"type":"default-arg","locations":[{"start":{"line":1,"column":45},"end":{"line":1,"column":46}}],"line":1}},"s":{"0":0,"1":0,"2":0,"3":0,"4":0,"5":0,"6":0},"f":{"0":0,"1":0},"b":{"0":[0]},"inputSourceMap":null,"_coverageSchema":"1a1c01bbd47fc00a2c39e90264f33305004495a9","hash":"580695dc5cd76b4b02b7ffebee7ed0451b94a543"}
,"D:\\kosio\\кариера\\Telebid\\registration-node-app\\utils\\jwt.js": {"path":"D:\\kosio\\кариера\\Telebid\\registration-node-app\\utils\\jwt.js","statementMap":{"0":{"start":{"line":3,"column":0},"end":{"line":3,"column":16}},"1":{"start":{"line":5,"column":26},"end":{"line":5,"column":48}},"2":{"start":{"line":8,"column":2},"end":{"line":8,"column":43}},"3":{"start":{"line":9,"column":21},"end":{"line":9,"column":46}},"4":{"start":{"line":10,"column":2},"end":{"line":10,"column":42}},"5":{"start":{"line":11,"column":2},"end":{"line":24,"column":3}},"6":{"start":{"line":12,"column":18},"end":{"line":12,"column":42}},"7":{"start":{"line":14,"column":4},"end":{"line":21,"column":7}},"8":{"start":{"line":15,"column":6},"end":{"line":15,"column":41}},"9":{"start":{"line":16,"column":6},"end":{"line":18,"column":7}},"10":{"start":{"line":17,"column":8},"end":{"line":17,"column":82}},"11":{"start":{"line":19,"column":6},"end":{"line":19,"column":22}},"12":{"start":{"line":20,"column":6},"end":{"line":20,"column":13}},"13":{"start":{"line":23,"column":4},"end":{"line":23,"column":24}}},"fnMap":{"0":{"name":"authenticateJWT","decl":{"start":{"line":7,"column":16},"end":{"line":7,"column":31}},"loc":{"start":{"line":7,"column":48},"end":{"line":25,"column":1}},"line":7},"1":{"name":"(anonymous_1)","decl":{"start":{"line":14,"column":34},"end":{"line":14,"column":35}},"loc":{"start":{"line":14,"column":49},"end":{"line":21,"column":5}},"line":14}},"branchMap":{"0":{"loc":{"start":{"line":11,"column":2},"end":{"line":24,"column":3}},"type":"if","locations":[{"start":{"line":11,"column":2},"end":{"line":24,"column":3}},{"start":{"line":22,"column":9},"end":{"line":24,"column":3}}],"line":11},"1":{"loc":{"start":{"line":16,"column":6},"end":{"line":18,"column":7}},"type":"if","locations":[{"start":{"line":16,"column":6},"end":{"line":18,"column":7}},{"start":{},"end":{}}],"line":16}},"s":{"0":5,"1":5,"2":8,"3":8,"4":8,"5":8,"6":6,"7":6,"8":6,"9":6,"10":1,"11":5,"12":5,"13":2},"f":{"0":8,"1":6},"b":{"0":[6,2],"1":[1,5]},"inputSourceMap":null,"_coverageSchema":"1a1c01bbd47fc00a2c39e90264f33305004495a9","hash":"995aa1ea0dd15dd2c9d3ff92a4eb7c5e70714952"}
}
