TN:
SF:db.js
FNF:0
FNH:0
DA:3,5
LF:1
LH:1
BRF:0
BRH:0
end_of_record
TN:
SF:server.js
FN:44,(anonymous_0)
FNF:1
FNH:0
FNDA:0,(anonymous_0)
DA:13,5
DA:15,5
DA:16,5
DA:17,5
DA:19,5
DA:21,5
DA:34,5
DA:36,5
DA:37,5
DA:38,5
DA:39,5
DA:40,5
DA:41,5
DA:43,5
DA:44,0
DA:45,0
LF:16
LH:14
BRDA:43,0,0,0
BRDA:43,0,1,5
BRF:2
BRH:1
end_of_record
TN:
SF:routes\captcha.js
FN:3,handleCaptcha
FNF:1
FNH:0
FNDA:0,handleCaptcha
DA:4,0
DA:5,0
DA:8,0
DA:9,0
DA:11,0
DA:12,0
DA:13,0
LF:7
LH:0
BRF:0
BRH:0
end_of_record
TN:
SF:routes\login.js
FN:6,handleLogin
FNF:1
FNH:1
FNDA:9,handleLogin
DA:7,9
DA:9,9
DA:10,2
DA:13,7
DA:14,7
DA:15,7
DA:19,7
DA:21,7
DA:22,1
DA:25,6
DA:26,6
DA:28,6
DA:29,1
DA:32,5
DA:38,5
DA:46,0
DA:47,0
LF:17
LH:15
BRDA:9,0,0,2
BRDA:9,0,1,7
BRDA:9,1,0,9
BRDA:9,1,1,8
BRDA:21,2,0,1
BRDA:21,2,1,6
BRDA:28,3,0,1
BRDA:28,3,1,5
BRF:8
BRH:8
end_of_record
TN:
SF:routes\logout.js
FN:3,handleLogout
FNF:1
FNH:1
FNDA:1,handleLogout
DA:4,1
DA:6,1
DA:7,1
LF:3
LH:3
BRF:0
BRH:0
end_of_record
TN:
SF:routes\profile.js
FN:5,handleProfile
FN:29,handleProfileUpdate
FNF:2
FNH:2
FNDA:1,handleProfile
FNDA:3,handleProfileUpdate
DA:6,1
DA:7,1
DA:12,1
DA:13,0
DA:16,1
DA:17,1
DA:24,0
DA:25,0
DA:30,3
DA:31,3
DA:33,3
DA:34,0
DA:37,3
DA:38,1
DA:41,2
DA:43,2
DA:44,2
DA:45,1
DA:46,1
DA:49,2
DA:50,1
DA:51,1
DA:52,1
DA:56,2
DA:57,2
DA:59,2
DA:66,0
DA:67,0
LF:28
LH:22
BRDA:12,0,0,0
BRDA:12,0,1,1
BRDA:33,1,0,0
BRDA:33,1,1,3
BRDA:37,2,0,1
BRDA:37,2,1,2
BRDA:37,3,0,3
BRDA:37,3,1,2
BRDA:44,4,0,1
BRDA:44,4,1,1
BRDA:49,5,0,1
BRDA:49,5,1,1
BRF:12
BRH:10
end_of_record
TN:
SF:routes\register.js
FN:6,handleRegister
FNF:1
FNH:1
FNDA:8,handleRegister
DA:7,8
DA:9,8
DA:10,2
DA:16,6
DA:18,6
DA:19,0
DA:20,0
DA:22,0
DA:23,0
DA:27,6
DA:28,6
DA:29,6
DA:30,6
DA:31,1
DA:34,5
DA:36,5
DA:40,5
DA:42,5
DA:44,5
DA:52,0
DA:53,0
LF:21
LH:15
BRDA:7,0,0,8
BRDA:7,0,1,0
BRDA:9,1,0,2
BRDA:9,1,1,6
BRDA:9,2,0,8
BRDA:9,2,1,8
BRDA:9,2,2,7
BRDA:16,3,0,6
BRDA:16,3,1,6
BRDA:18,4,0,0
BRDA:18,4,1,6
BRDA:19,5,0,0
BRDA:19,5,1,0
BRDA:19,6,0,0
BRDA:19,6,1,0
BRDA:22,7,0,0
BRDA:22,7,1,0
BRDA:30,8,0,1
BRDA:30,8,1,5
BRF:19
BRH:11
end_of_record
TN:
SF:tests\utils\testUser.js
FN:5,createTestUser
FN:29,cleanupTestUser
FNF:2
FNH:2
FNDA:4,createTestUser
FNDA:4,cleanupTestUser
DA:6,4
DA:9,4
DA:19,4
DA:23,4
DA:30,4
LF:5
LH:5
BRF:0
BRH:0
end_of_record
TN:
SF:utils\captcha.js
FN:1,generateCaptchaText
FN:10,generateCaptchaSVG
FNF:2
FNH:0
FNDA:0,generateCaptchaText
FNDA:0,generateCaptchaSVG
DA:2,0
DA:3,0
DA:4,0
DA:5,0
DA:7,0
DA:11,0
LF:6
LH:0
BRDA:1,0,0,0
BRF:1
BRH:0
end_of_record
TN:
SF:utils\jwt.js
FN:7,authenticateJWT
FN:14,(anonymous_1)
FNF:2
FNH:2
FNDA:8,authenticateJWT
FNDA:6,(anonymous_1)
DA:3,5
DA:5,5
DA:8,8
DA:9,8
DA:10,8
DA:11,8
DA:12,6
DA:14,6
DA:15,6
DA:16,6
DA:17,1
DA:19,5
DA:20,5
DA:23,2
LF:14
LH:14
BRDA:11,0,0,6
BRDA:11,0,1,2
BRDA:16,1,0,1
BRDA:16,1,1,5
BRF:4
BRH:4
end_of_record
